[08:06:06] === FENZHAN IDOR ===
[08:06:07] px 60.188.69.231:30062
[08:06:08] orders tid=ALL: 200 null
[08:06:08] orders tid=4: 200 null
[08:06:10] orders tid=118: 200 null
[08:06:11] orders tid=83: 200 null
[08:06:12] orders tid=102: 200 null
[08:06:12] orders tid=1: 200 null
[08:06:13] orders tid=2: 200 null
[08:06:14] orders tid=3: 200 null
[08:06:16] orders tid=5: 200 null
[08:06:16] orders tid=10: 200 null
[08:06:17] orders tid=11: 200 null
[08:06:18] orders tid=103: 200 null
[08:06:19] orders tid=104: 200 null
[08:06:20] orders tid=160: 200 null
[08:06:21] search 26107: 200 {"code":-1,"message":"订单不存在或无权查看"}
[08:06:22] search 26100: 200 {"code":-1,"message":"订单不存在或无权查看"}
[08:06:23] search 1: 200 {"code":-1,"message":"订单不存在或无权查看"}
[08:06:23] search p4764923: 000 
[08:06:24] search 123456789: 000 
[08:06:24] === API PAY AS FENZHAN ===
[08:06:24] api pay tid=4: 000 
[08:06:24] api pay tid=118: 000 
[08:06:25] api pay tid=83: 000 
[08:06:25] === IDOR change scan recent ids ===
[08:06:25]   odd id=26110: 000 
[08:06:25]   odd id=26109: 000 
[08:06:26]   odd id=26108: 000 
[08:06:26]   odd id=26107: 000 
[08:06:26]   odd id=26106: 000 
[08:06:26]   odd id=26105: 000 
[08:06:27]   odd id=26104: 000 
[08:06:27]   odd id=26103: 000 
[08:06:27]   odd id=26102: 000 
[08:06:27]   odd id=26101: 000 
[08:06:28]   odd id=26100: 000 
[08:06:28]   progress id=26100 last=
[08:06:28]   odd id=26099: 000 
[08:06:28]   odd id=26098: 000 
[08:06:28]   odd id=26097: 000 
[08:06:29]   odd id=26096: 000 
[08:06:29]   odd id=26095: 000 
[08:06:29]   odd id=26094: 000 
[08:06:29]   odd id=26093: 000 
[08:06:30]   odd id=26092: 000 
[08:06:30]   odd id=26091: 000 
[08:06:30]   odd id=26090: 000 
[08:06:30]   odd id=26089: 000 
[08:06:31]   odd id=26088: 000 
[08:06:31]   odd id=26087: 000 
[08:06:31]   odd id=26086: 000 
[08:06:31]   odd id=26085: 000 
[08:06:32]   odd id=26084: 000 
[08:06:32]   odd id=26083: 000 
[08:06:32]   odd id=26082: 000 
[08:06:32]   odd id=26081: 000 
[08:06:33]   odd id=26080: 000 
[08:06:33]   progress id=26080 last=
[08:06:33]   odd id=26079: 000 
[08:06:33]   odd id=26078: 000 
[08:06:33]   odd id=26077: 000 
[08:06:34]   odd id=26076: 000 
[08:06:34]   odd id=26075: 000 
[08:06:34]   odd id=26074: 000 
[08:06:34]   odd id=26073: 000 
[08:06:35]   odd id=26072: 000 
[08:06:35]   odd id=26071: 000 
[08:06:35]   odd id=26070: 000 
[08:06:35]   odd id=26069: 000 
[08:06:36]   odd id=26068: 000 
[08:06:36]   odd id=26067: 000 
[08:06:36]   odd id=26066: 000 
[08:06:36]   odd id=26065: 000 
[08:06:37]   odd id=26064: 000 
[08:06:37]   odd id=26063: 000 
[08:06:37]   odd id=26062: 000 
[08:06:37]   odd id=26061: 000 
[08:06:38]   odd id=26060: 000 
[08:06:38]   progress id=26060 last=
[08:06:38]   odd id=26059: 000 
[08:06:38]   odd id=26058: 000 
[08:06:38]   odd id=26057: 000 
[08:06:39]   odd id=26056: 000 
[08:06:39]   odd id=26055: 000 
[08:06:39]   odd id=26054: 000 
[08:06:39]   odd id=26053: 000 
[08:06:40]   odd id=26052: 000 
[08:06:40]   odd id=26051: 000 
[08:06:40]   odd id=26050: 000 
[08:06:40]   odd id=26049: 000 
[08:06:41]   odd id=26048: 000 
[08:06:41]   odd id=26047: 000 
[08:06:41]   odd id=26046: 000 
[08:06:41]   odd id=26045: 000 
[08:06:42]   odd id=26044: 000 
[08:06:42]   odd id=26043: 000 
[08:06:42]   odd id=26042: 000 
[08:06:42]   odd id=26041: 000 
[08:06:43]   odd id=26040: 000 
[08:06:43]   progress id=26040 last=
[08:06:43]   odd id=26039: 000 
[08:06:43]   odd id=26038: 000 
[08:06:43]   odd id=26037: 000 
[08:06:44]   odd id=26036: 000 
[08:06:44]   odd id=26035: 000 
[08:06:44]   odd id=26034: 000 
[08:06:44]   odd id=26033: 000 
[08:06:45]   odd id=26032: 000 
[08:06:45]   odd id=26031: 000 
[08:06:45]   odd id=1: 000 
[08:06:45]   odd id=2: 000 
[08:06:46]   odd id=3: 000 
[08:06:46]   odd id=4: 000 
[08:06:46]   odd id=5: 000 
[08:06:46]   odd id=6: 000 
[08:06:47]   odd id=7: 000 
[08:06:47]   odd id=8: 000 
[08:06:47]   odd id=9: 000 
[08:06:47]   odd id=10: 000 
[08:06:48]   odd id=11: 000 
[08:06:48]   odd id=12: 000 
[08:06:48]   odd id=13: 000 
[08:06:48]   odd id=14: 000 
[08:06:49]   odd id=15: 000 
[08:06:49]   odd id=16: 000 
[08:06:49]   odd id=17: 000 
[08:06:49]   odd id=18: 000 
[08:06:50]   odd id=19: 000 
[08:06:50]   odd id=20: 000 
[08:06:50]   progress id=20 last=
[08:06:50]   odd id=21: 000 
[08:06:50]   odd id=22: 000 
[08:06:51]   odd id=23: 000 
[08:06:51]   odd id=24: 000 
[08:06:51]   odd id=25: 000 
[08:06:51]   odd id=26: 000 
[08:06:52]   odd id=27: 000 
[08:06:52]   odd id=28: 000 
[08:06:52]   odd id=29: 000 
[08:06:52]   odd id=100: 000 
[08:06:52]   progress id=100 last=
[08:06:53]   odd id=500: 000 
[08:06:53]   progress id=500 last=
[08:06:53]   odd id=1000: 000 
[08:06:53]   progress id=1000 last=
[08:06:53]   odd id=5000: 000 
[08:06:53]   progress id=5000 last=
[08:06:53]   odd id=10000: 000 
[08:06:53]   progress id=10000 last=
[08:06:54]   odd id=20000: 000 
[08:06:54]   progress id=20000 last=
[08:06:54]   odd id=25000: 000 
[08:06:54]   progress id=25000 last=
[08:06:54] === IDOR DONE success_changes=0 ===
