[CRAWL] === crawl site pages ===
[PII-PAGE] email thkim@us-all.co.kr from /product/academy2026_u
[PII-PAGE] phone 0176890342 from /study/list
[PII-PAGE] email privacy@us-all.co.kr from /service/privacy
[CRAWL] found 15 unique paths
[CRAWL] product_codes={'academy154', 'academy151'} article_codes=0
[CONTENTS] === contentsList sweep ===
[CONTENTS-HIT] id=1390 code=FAQ articles=['260325163433941167', '260325163433450415', '260325163433876018', '260325163433536831', '260325163433155419'] len=6140
[CONTENTS-HIT] id=1392 code=FAQ articles=['260314022639825237', '260314022723239121', '260314022810608928'] len=516
[CONTENTS-HIT] id=1393 code=FAQ articles=['260608205431199759', '260526095310874771', '260526091502971593', '260518150957625033', '260518151503952782'] len=1851
[CONTENTS-HIT] id=1396 code=FAQ articles=['260326200741235978'] len=344
[CONTENTS-HIT] id=1397 code=FAQ articles=['260324202659275136', '260324202736408557'] len=407
[CONTENTS-HIT] id=1398 code=FAQ articles=['260410190441550699', '260410191732526808', '260410191926384314', '260403145816958307', '260403150305274234'] len=863
[CONTENTS-HIT] id=1399 code=FAQ articles=['260327163042556333', '260327164236219080', '260327164441514759'] len=636
[CONTENTS-HIT] id=1400 code=FAQ articles=['260501112535137580', '260420163002285455'] len=587
[CONTENTS-HIT] id=1401 code=FAQ articles=['260325180910033561', '260422203039021202'] len=616
[CONTENTS-HIT] id=1402 code=FAQ articles=['260410190810599244', '260410191123915070', '260410191336257554', '260403150808986748', '260403150945042868'] len=863
[CONTENTS-HIT] id=1403 code=FAQ articles=['260501113418861597', '260420162652518883'] len=587
[CONTENTS-HIT] id=1404 code=FAQ articles=['260327165215942160', '260327165445421108', '260327165005894669'] len=636
[CONTENTS-HIT] id=1405 code=FAQ articles=['260324205250019345', '260324205427941740'] len=407
[CONTENTS-HIT] id=1409 code=FAQ articles=['260425214956906727', '260425204743075434', '260425194808279367', '260425185348723991'] len=688
[CONTENTS-HIT] id=1410 code=FAQ articles=['260409094714274439'] len=300
[CONTENTS-HIT] id=1411 code=FAQ articles=['260413102111064203'] len=336
[CONTENTS-HIT] id=1412 code=FAQ articles=['260417192813419787', '260423095243718865', '260423100944901880', '260423101545925287', '260423102238315838'] len=4864
[CONTENTS-HIT] id=1413 code=FAQ articles=['260411122111064696', '260411122408881327', '260411122651546115', '260413104437816413'] len=663
[CONTENTS-HIT] id=1414 code=FAQ articles=['260710184350328277', '260703180903741919', '260626142758841111', '260619180835631685', '260612154152107332'] len=1584
[CONTENTS-HIT] id=1416 code=FAQ articles=['260430101640975649', '260429140813900668', '260429140247372805', '260428101054016673', '260428095954048645'] len=2450
[CONTENTS-HIT] id=1417 code=FAQ articles=['260416171257887882', '260416171329005428'] len=425
[CONTENTS-HIT] id=1418 code=FAQ articles=['260706212439280073', '260629214745101923', '260622215628921587', '260615214858987790', '260608214702919289'] len=1766
[CONTENTS-HIT] id=1419 code=FAQ articles=['260508153644344148', '260508153644782230', '260508153644760492', '260508153644857859', '260508153644822140'] len=1508
[CONTENTS-HIT] id=616 code=FAQ articles=['240304104140838451', '240304104226368200', '240304104424131482', '240304104636925164', '240311143703252021'] len=1901
[CONTENTS-HIT] id=100 code=FAQ articles=['509084342707442472', '135365938094407108', '915830666091735598', '149821108326288264', '58049125087634172'] len=4320
[ARTICLE] === test 219 article codes ===
[BOARD] === notice snowflake enum ===
[BOARD-PII] notice/230714171713398527 title=어스캠퍼스 | 금융 마스터를 만나는 유일한 곳, 어스캠퍼스 emails=['thkim@us-all.co.kr'] phones=[]
[BOARD-PII] notice/240207150523433414 title=어스캠퍼스 | 금융 마스터를 만나는 유일한 곳, 어스캠퍼스 emails=['thkim@us-all.co.kr'] phones=[]
[BOARD-PII] notice/240417223326931155 title=어스캠퍼스 | 금융 마스터를 만나는 유일한 곳, 어스캠퍼스 emails=['thkim@us-all.co.kr'] phones=[]
[BOARD-PII] notice/240812161446947947 title=어스캠퍼스 | 금융 마스터를 만나는 유일한 곳, 어스캠퍼스 emails=['thkim@us-all.co.kr'] phones=[]
[BOARD-PII] notice/250123122141936364 title=어스캠퍼스 | 금융 마스터를 만나는 유일한 곳, 어스캠퍼스 emails=['thkim@us-all.co.kr'] phones=[]
[BOARD-PII] notice/260527165058292311 title=어스캠퍼스 | 금융 마스터를 만나는 유일한 곳, 어스캠퍼스 emails=['thkim@us-all.co.kr'] phones=[]
[IDOR] === order/member IDOR ===
[ENUM] === email mass enum ===
[ENUM] testing 738 emails with thread pool
[ENUM-HIT] password_account dev@us-all.co.kr -> 비밀번호가 일치하지 않습니다.
[ENUM-HIT] password_account ansuho1@us-all.co.kr -> 비밀번호가 일치하지 않습니다.
[ENUM-HIT] password_account ansuho@us-all.co.kr -> 비밀번호가 일치하지 않습니다.
[ENUM-HIT] password_account thkim@us-all.co.kr -> 비밀번호가 일치하지 않습니다.
[PHONE] === phone enum sample ===
[PHONE-HIT] 01034560161
[PHONE-HIT] 01034561820
[PHONE-HIT] 01034563157
[PHONE-HIT] 01034567735
[PHONE-HIT] 01020241176
[PHONE-HIT] 01020243087
[PHONE-HIT] 01020244081
[PHONE-HIT] 01020245236
[PHONE-HIT] 01020245411
[PHONE-HIT] 01020249660
[PHONE-HIT] 01020250385
[PHONE-HIT] 01020251218
[PHONE-HIT] 01020251344
[PHONE-HIT] 01020251547
[PHONE-HIT] 01020254718
[PHONE-HIT] 01020258064
[PHONE-HIT] 01020260693
[PHONE-HIT] 01020261358
[PHONE-HIT] 01020264795
[PHONE-HIT] 01022221015
[PHONE-HIT] 01022221078
[PHONE-HIT] 01022221330
[PHONE-HIT] 01022223017
[PHONE-HIT] 01022225208
[PHONE-HIT] 01022228267
[PHONE-HIT] 01022229275
[PHONE-HIT] 01022229534
[PHONE-HIT] 01033332149
[PHONE-HIT] 01033332576
