px 222.139.246.14:15067
enc_POST_change: HTTP=200 {"code":-1,"message":"请提供用户登录信息或API对接密钥"}
plain_POST_change: HTTP=000 
enc_POST_tools: HTTP=200 {"code":-5,"msg":"确保各项不能为空"}
plain_POST_tools: HTTP=000 
enc_GET_tools: HTTP=200 {"code":-4,"msg":"API对接密钥错误，请在后台设置密钥"}
plain_GET_tools: HTTP=000 
httpbin_echo: HTTP=200 {
  "args": {}, 
  "data": "", 
  "files": {}, 
  "form": {
    "hello": "world", 
    "key": "test"
  }, 
  "headers": {
    "Accept": "*/*", 
    "Content-Length": "20", 
    "Content-Type": "applic
=== REG ===
reg page 000 csrf False len 0
DONE
